This file contains any messages produced by compilers while
running configure, to aid debugging if configure makes a mistake.

It was created by configure, which was
generated by GNU Autoconf 2.60.  Invocation command line was

  $ ./configure 

## --------- ##
## Platform. ##
## --------- ##

hostname = firelight
uname -m = i686
uname -r = 1.5.24(0.156/4/2)
uname -s = CYGWIN_NT-5.1
uname -v = 2007-01-31 10:57

/usr/bin/uname -p = unknown
/bin/uname -X     = unknown

/bin/arch              = unknown
/usr/bin/arch -k       = unknown
/usr/convex/getsysinfo = unknown
/usr/bin/hostinfo      = unknown
/bin/machine           = unknown
/usr/bin/oslevel       = unknown
/bin/universe          = unknown

PATH: /usr/local/bin
PATH: /usr/bin
PATH: /bin
PATH: /usr/X11R6/bin
PATH: /cygdrive/c/WINDOWS/system32
PATH: /cygdrive/c/WINDOWS
PATH: /cygdrive/c/WINDOWS/system32/WBEM
PATH: /cygdrive/c/Perl/bin/
PATH: /cygdrive/c/Program Files/Common Files/GTK/2.0/bin
PATH: /cygdrive/c/Program Files/QuickTime/QTSystem/
PATH: /cygdrive/c/Program Files/OpenVPN/bin


## ----------- ##
## Core tests. ##
## ----------- ##

configure:1670: result: Configuring TinTin++
configure:1758: checking for gcc
configure:1774: found /usr/bin/gcc
configure:1785: result: gcc
configure:2023: checking for C compiler version
configure:2030: gcc --version >&5
gcc (GCC) 3.4.4 (cygming special, gdc 0.12, using dmd 0.125)
Copyright (C) 2004 Free Software Foundation, Inc.
This is free software; see the source for copying conditions.  There is NO
warranty; not even for MERCHANTABILITY or FITNESS FOR A PARTICULAR PURPOSE.

configure:2033: $? = 0
configure:2040: gcc -v >&5
Reading specs from /usr/lib/gcc/i686-pc-cygwin/3.4.4/specs
Configured with: /usr/build/package/orig/test.respin/gcc-3.4.4-3/configure --verbose --prefix=/usr --exec-prefix=/usr --sysconfdir=/etc --libdir=/usr/lib --libexecdir=/usr/lib --mandir=/usr/share/man --infodir=/usr/share/info --enable-languages=c,ada,c++,d,f77,pascal,java,objc --enable-nls --without-included-gettext --enable-version-specific-runtime-libs --without-x --enable-libgcj --disable-java-awt --with-system-zlib --enable-interpreter --disable-libgcj-debug --enable-threads=posix --enable-java-gc=boehm --disable-win32-registry --enable-sjlj-exceptions --enable-hash-synchronization --enable-libstdcxx-debug
Thread model: posix
gcc version 3.4.4 (cygming special, gdc 0.12, using dmd 0.125)
configure:2043: $? = 0
configure:2050: gcc -V >&5
gcc: `-V' option must have argument
configure:2053: $? = 1
configure:2076: checking for C compiler default output file name
configure:2103: gcc    conftest.c  >&5
configure:2106: $? = 0
configure:2152: result: a.exe
configure:2157: checking whether the C compiler works
configure:2167: ./a.exe
configure:2170: $? = 0
configure:2187: result: yes
configure:2194: checking whether we are cross compiling
configure:2196: result: no
configure:2199: checking for suffix of executables
configure:2206: gcc -o conftest.exe    conftest.c  >&5
configure:2209: $? = 0
configure:2233: result: .exe
configure:2239: checking for suffix of object files
configure:2265: gcc -c   conftest.c >&5
configure:2268: $? = 0
configure:2291: result: o
configure:2295: checking whether we are using the GNU C compiler
configure:2324: gcc -c   conftest.c >&5
configure:2330: $? = 0
configure:2337: test -z "$ac_c_werror_flag" || test ! -s conftest.err
configure:2340: $? = 0
configure:2347: test -s conftest.o
configure:2350: $? = 0
configure:2364: result: yes
configure:2369: checking whether gcc accepts -g
configure:2399: gcc -c -g  conftest.c >&5
configure:2405: $? = 0
configure:2412: test -z "$ac_c_werror_flag" || test ! -s conftest.err
configure:2415: $? = 0
configure:2422: test -s conftest.o
configure:2425: $? = 0
configure:2555: result: yes
configure:2572: checking for gcc option to accept ISO C89
configure:2646: gcc  -c -g -O2  conftest.c >&5
configure:2652: $? = 0
configure:2659: test -z "$ac_c_werror_flag" || test ! -s conftest.err
configure:2662: $? = 0
configure:2669: test -s conftest.o
configure:2672: $? = 0
configure:2692: result: none needed
configure:2710: checking whether make sets $(MAKE)
configure:2731: result: yes
configure:2750: checking how to run the C preprocessor
configure:2790: gcc -E  conftest.c
configure:2796: $? = 0
configure:2834: gcc -E  conftest.c
conftest.c:8:28: ac_nonexistent.h: No such file or directory
configure:2840: $? = 1
configure: failed program was:
| /* confdefs.h.  */
| #define PACKAGE_NAME ""
| #define PACKAGE_TARNAME ""
| #define PACKAGE_VERSION ""
| #define PACKAGE_STRING ""
| #define PACKAGE_BUGREPORT ""
| /* end confdefs.h.  */
| #include <ac_nonexistent.h>
configure:2880: result: gcc -E
configure:2909: gcc -E  conftest.c
configure:2915: $? = 0
configure:2953: gcc -E  conftest.c
conftest.c:8:28: ac_nonexistent.h: No such file or directory
configure:2959: $? = 1
configure: failed program was:
| /* confdefs.h.  */
| #define PACKAGE_NAME ""
| #define PACKAGE_TARNAME ""
| #define PACKAGE_VERSION ""
| #define PACKAGE_STRING ""
| #define PACKAGE_BUGREPORT ""
| /* end confdefs.h.  */
| #include <ac_nonexistent.h>
configure:3004: checking for grep that handles long lines and -e
configure:3078: result: /usr/bin/grep
configure:3083: checking for egrep
configure:3161: result: /usr/bin/grep -E
configure:3166: checking for ANSI C header files
configure:3196: gcc -c -g -O2  conftest.c >&5
configure:3202: $? = 0
configure:3209: test -z "$ac_c_werror_flag" || test ! -s conftest.err
configure:3212: $? = 0
configure:3219: test -s conftest.o
configure:3222: $? = 0
configure:3318: gcc -o conftest.exe -g -O2   conftest.c  >&5
configure:3321: $? = 0
configure:3327: ./conftest.exe
configure:3330: $? = 0
configure:3347: result: yes
configure:3371: checking for sys/types.h
configure:3392: gcc -c -g -O2  conftest.c >&5
configure:3398: $? = 0
configure:3405: test -z "$ac_c_werror_flag" || test ! -s conftest.err
configure:3408: $? = 0
configure:3415: test -s conftest.o
configure:3418: $? = 0
configure:3431: result: yes
configure:3371: checking for sys/stat.h
configure:3392: gcc -c -g -O2  conftest.c >&5
configure:3398: $? = 0
configure:3405: test -z "$ac_c_werror_flag" || test ! -s conftest.err
configure:3408: $? = 0
configure:3415: test -s conftest.o
configure:3418: $? = 0
configure:3431: result: yes
configure:3371: checking for stdlib.h
configure:3392: gcc -c -g -O2  conftest.c >&5
configure:3398: $? = 0
configure:3405: test -z "$ac_c_werror_flag" || test ! -s conftest.err
configure:3408: $? = 0
configure:3415: test -s conftest.o
configure:3418: $? = 0
configure:3431: result: yes
configure:3371: checking for string.h
configure:3392: gcc -c -g -O2  conftest.c >&5
configure:3398: $? = 0
configure:3405: test -z "$ac_c_werror_flag" || test ! -s conftest.err
configure:3408: $? = 0
configure:3415: test -s conftest.o
configure:3418: $? = 0
configure:3431: result: yes
configure:3371: checking for memory.h
configure:3392: gcc -c -g -O2  conftest.c >&5
configure:3398: $? = 0
configure:3405: test -z "$ac_c_werror_flag" || test ! -s conftest.err
configure:3408: $? = 0
configure:3415: test -s conftest.o
configure:3418: $? = 0
configure:3431: result: yes
configure:3371: checking for strings.h
configure:3392: gcc -c -g -O2  conftest.c >&5
configure:3398: $? = 0
configure:3405: test -z "$ac_c_werror_flag" || test ! -s conftest.err
configure:3408: $? = 0
configure:3415: test -s conftest.o
configure:3418: $? = 0
configure:3431: result: yes
configure:3371: checking for inttypes.h
configure:3392: gcc -c -g -O2  conftest.c >&5
configure:3398: $? = 0
configure:3405: test -z "$ac_c_werror_flag" || test ! -s conftest.err
configure:3408: $? = 0
configure:3415: test -s conftest.o
configure:3418: $? = 0
configure:3431: result: yes
configure:3371: checking for stdint.h
configure:3392: gcc -c -g -O2  conftest.c >&5
configure:3398: $? = 0
configure:3405: test -z "$ac_c_werror_flag" || test ! -s conftest.err
configure:3408: $? = 0
configure:3415: test -s conftest.o
configure:3418: $? = 0
configure:3431: result: yes
configure:3371: checking for unistd.h
configure:3392: gcc -c -g -O2  conftest.c >&5
configure:3398: $? = 0
configure:3405: test -z "$ac_c_werror_flag" || test ! -s conftest.err
configure:3408: $? = 0
configure:3415: test -s conftest.o
configure:3418: $? = 0
configure:3431: result: yes
configure:3479: checking arpa/inet.h usability
configure:3496: gcc -c -g -O2  conftest.c >&5
configure:3502: $? = 0
configure:3509: test -z "$ac_c_werror_flag" || test ! -s conftest.err
configure:3512: $? = 0
configure:3519: test -s conftest.o
configure:3522: $? = 0
configure:3533: result: yes
configure:3537: checking arpa/inet.h presence
configure:3552: gcc -E  conftest.c
configure:3558: $? = 0
configure:3579: result: yes
configure:3607: checking for arpa/inet.h
configure:3615: result: yes
configure:3479: checking ctype.h usability
configure:3496: gcc -c -g -O2  conftest.c >&5
configure:3502: $? = 0
configure:3509: test -z "$ac_c_werror_flag" || test ! -s conftest.err
configure:3512: $? = 0
configure:3519: test -s conftest.o
configure:3522: $? = 0
configure:3533: result: yes
configure:3537: checking ctype.h presence
configure:3552: gcc -E  conftest.c
configure:3558: $? = 0
configure:3579: result: yes
configure:3607: checking for ctype.h
configure:3615: result: yes
configure:3479: checking fcntl.h usability
configure:3496: gcc -c -g -O2  conftest.c >&5
configure:3502: $? = 0
configure:3509: test -z "$ac_c_werror_flag" || test ! -s conftest.err
configure:3512: $? = 0
configure:3519: test -s conftest.o
configure:3522: $? = 0
configure:3533: result: yes
configure:3537: checking fcntl.h presence
configure:3552: gcc -E  conftest.c
configure:3558: $? = 0
configure:3579: result: yes
configure:3607: checking for fcntl.h
configure:3615: result: yes
configure:3479: checking net/errno.h usability
configure:3496: gcc -c -g -O2  conftest.c >&5
conftest.c:54:23: net/errno.h: No such file or directory
configure:3502: $? = 1
configure: failed program was:
| /* confdefs.h.  */
| #define PACKAGE_NAME ""
| #define PACKAGE_TARNAME ""
| #define PACKAGE_VERSION ""
| #define PACKAGE_STRING ""
| #define PACKAGE_BUGREPORT ""
| #define STDC_HEADERS 1
| #define HAVE_SYS_TYPES_H 1
| #define HAVE_SYS_STAT_H 1
| #define HAVE_STDLIB_H 1
| #define HAVE_STRING_H 1
| #define HAVE_MEMORY_H 1
| #define HAVE_STRINGS_H 1
| #define HAVE_INTTYPES_H 1
| #define HAVE_STDINT_H 1
| #define HAVE_UNISTD_H 1
| #define HAVE_ARPA_INET_H 1
| #define HAVE_CTYPE_H 1
| #define HAVE_FCNTL_H 1
| /* end confdefs.h.  */
| #include <stdio.h>
| #if HAVE_SYS_TYPES_H
| # include <sys/types.h>
| #endif
| #if HAVE_SYS_STAT_H
| # include <sys/stat.h>
| #endif
| #if STDC_HEADERS
| # include <stdlib.h>
| # include <stddef.h>
| #else
| # if HAVE_STDLIB_H
| #  include <stdlib.h>
| # endif
| #endif
| #if HAVE_STRING_H
| # if !STDC_HEADERS && HAVE_MEMORY_H
| #  include <memory.h>
| # endif
| # include <string.h>
| #endif
| #if HAVE_STRINGS_H
| # include <strings.h>
| #endif
| #if HAVE_INTTYPES_H
| # include <inttypes.h>
| #endif
| #if HAVE_STDINT_H
| # include <stdint.h>
| #endif
| #if HAVE_UNISTD_H
| # include <unistd.h>
| #endif
| #include <net/errno.h>
configure:3533: result: no
configure:3537: checking net/errno.h presence
configure:3552: gcc -E  conftest.c
conftest.c:21:23: net/errno.h: No such file or directory
configure:3558: $? = 1
configure: failed program was:
| /* confdefs.h.  */
| #define PACKAGE_NAME ""
| #define PACKAGE_TARNAME ""
| #define PACKAGE_VERSION ""
| #define PACKAGE_STRING ""
| #define PACKAGE_BUGREPORT ""
| #define STDC_HEADERS 1
| #define HAVE_SYS_TYPES_H 1
| #define HAVE_SYS_STAT_H 1
| #define HAVE_STDLIB_H 1
| #define HAVE_STRING_H 1
| #define HAVE_MEMORY_H 1
| #define HAVE_STRINGS_H 1
| #define HAVE_INTTYPES_H 1
| #define HAVE_STDINT_H 1
| #define HAVE_UNISTD_H 1
| #define HAVE_ARPA_INET_H 1
| #define HAVE_CTYPE_H 1
| #define HAVE_FCNTL_H 1
| /* end confdefs.h.  */
| #include <net/errno.h>
configure:3579: result: no
configure:3607: checking for net/errno.h
configure:3615: result: no
configure:3479: checking netdb.h usability
configure:3496: gcc -c -g -O2  conftest.c >&5
configure:3502: $? = 0
configure:3509: test -z "$ac_c_werror_flag" || test ! -s conftest.err
configure:3512: $? = 0
configure:3519: test -s conftest.o
configure:3522: $? = 0
configure:3533: result: yes
configure:3537: checking netdb.h presence
configure:3552: gcc -E  conftest.c
configure:3558: $? = 0
configure:3579: result: yes
configure:3607: checking for netdb.h
configure:3615: result: yes
configure:3479: checking netinet/in.h usability
configure:3496: gcc -c -g -O2  conftest.c >&5
configure:3502: $? = 0
configure:3509: test -z "$ac_c_werror_flag" || test ! -s conftest.err
configure:3512: $? = 0
configure:3519: test -s conftest.o
configure:3522: $? = 0
configure:3533: result: yes
configure:3537: checking netinet/in.h presence
configure:3552: gcc -E  conftest.c
configure:3558: $? = 0
configure:3579: result: yes
configure:3607: checking for netinet/in.h
configure:3615: result: yes
configure:3479: checking param.h usability
configure:3496: gcc -c -g -O2  conftest.c >&5
conftest.c:56:19: param.h: No such file or directory
configure:3502: $? = 1
configure: failed program was:
| /* confdefs.h.  */
| #define PACKAGE_NAME ""
| #define PACKAGE_TARNAME ""
| #define PACKAGE_VERSION ""
| #define PACKAGE_STRING ""
| #define PACKAGE_BUGREPORT ""
| #define STDC_HEADERS 1
| #define HAVE_SYS_TYPES_H 1
| #define HAVE_SYS_STAT_H 1
| #define HAVE_STDLIB_H 1
| #define HAVE_STRING_H 1
| #define HAVE_MEMORY_H 1
| #define HAVE_STRINGS_H 1
| #define HAVE_INTTYPES_H 1
| #define HAVE_STDINT_H 1
| #define HAVE_UNISTD_H 1
| #define HAVE_ARPA_INET_H 1
| #define HAVE_CTYPE_H 1
| #define HAVE_FCNTL_H 1
| #define HAVE_NETDB_H 1
| #define HAVE_NETINET_IN_H 1
| /* end confdefs.h.  */
| #include <stdio.h>
| #if HAVE_SYS_TYPES_H
| # include <sys/types.h>
| #endif
| #if HAVE_SYS_STAT_H
| # include <sys/stat.h>
| #endif
| #if STDC_HEADERS
| # include <stdlib.h>
| # include <stddef.h>
| #else
| # if HAVE_STDLIB_H
| #  include <stdlib.h>
| # endif
| #endif
| #if HAVE_STRING_H
| # if !STDC_HEADERS && HAVE_MEMORY_H
| #  include <memory.h>
| # endif
| # include <string.h>
| #endif
| #if HAVE_STRINGS_H
| # include <strings.h>
| #endif
| #if HAVE_INTTYPES_H
| # include <inttypes.h>
| #endif
| #if HAVE_STDINT_H
| # include <stdint.h>
| #endif
| #if HAVE_UNISTD_H
| # include <unistd.h>
| #endif
| #include <param.h>
configure:3533: result: no
configure:3537: checking param.h presence
configure:3552: gcc -E  conftest.c
conftest.c:23:19: param.h: No such file or directory
configure:3558: $? = 1
configure: failed program was:
| /* confdefs.h.  */
| #define PACKAGE_NAME ""
| #define PACKAGE_TARNAME ""
| #define PACKAGE_VERSION ""
| #define PACKAGE_STRING ""
| #define PACKAGE_BUGREPORT ""
| #define STDC_HEADERS 1
| #define HAVE_SYS_TYPES_H 1
| #define HAVE_SYS_STAT_H 1
| #define HAVE_STDLIB_H 1
| #define HAVE_STRING_H 1
| #define HAVE_MEMORY_H 1
| #define HAVE_STRINGS_H 1
| #define HAVE_INTTYPES_H 1
| #define HAVE_STDINT_H 1
| #define HAVE_UNISTD_H 1
| #define HAVE_ARPA_INET_H 1
| #define HAVE_CTYPE_H 1
| #define HAVE_FCNTL_H 1
| #define HAVE_NETDB_H 1
| #define HAVE_NETINET_IN_H 1
| /* end confdefs.h.  */
| #include <param.h>
configure:3579: result: no
configure:3607: checking for param.h
configure:3615: result: no
configure:3479: checking pthread.h usability
configure:3496: gcc -c -g -O2  conftest.c >&5
configure:3502: $? = 0
configure:3509: test -z "$ac_c_werror_flag" || test ! -s conftest.err
configure:3512: $? = 0
configure:3519: test -s conftest.o
configure:3522: $? = 0
configure:3533: result: yes
configure:3537: checking pthread.h presence
configure:3552: gcc -E  conftest.c
configure:3558: $? = 0
configure:3579: result: yes
configure:3607: checking for pthread.h
configure:3615: result: yes
configure:3479: checking socks.h usability
configure:3496: gcc -c -g -O2  conftest.c >&5
conftest.c:57:19: socks.h: No such file or directory
configure:3502: $? = 1
configure: failed program was:
| /* confdefs.h.  */
| #define PACKAGE_NAME ""
| #define PACKAGE_TARNAME ""
| #define PACKAGE_VERSION ""
| #define PACKAGE_STRING ""
| #define PACKAGE_BUGREPORT ""
| #define STDC_HEADERS 1
| #define HAVE_SYS_TYPES_H 1
| #define HAVE_SYS_STAT_H 1
| #define HAVE_STDLIB_H 1
| #define HAVE_STRING_H 1
| #define HAVE_MEMORY_H 1
| #define HAVE_STRINGS_H 1
| #define HAVE_INTTYPES_H 1
| #define HAVE_STDINT_H 1
| #define HAVE_UNISTD_H 1
| #define HAVE_ARPA_INET_H 1
| #define HAVE_CTYPE_H 1
| #define HAVE_FCNTL_H 1
| #define HAVE_NETDB_H 1
| #define HAVE_NETINET_IN_H 1
| #define HAVE_PTHREAD_H 1
| /* end confdefs.h.  */
| #include <stdio.h>
| #if HAVE_SYS_TYPES_H
| # include <sys/types.h>
| #endif
| #if HAVE_SYS_STAT_H
| # include <sys/stat.h>
| #endif
| #if STDC_HEADERS
| # include <stdlib.h>
| # include <stddef.h>
| #else
| # if HAVE_STDLIB_H
| #  include <stdlib.h>
| # endif
| #endif
| #if HAVE_STRING_H
| # if !STDC_HEADERS && HAVE_MEMORY_H
| #  include <memory.h>
| # endif
| # include <string.h>
| #endif
| #if HAVE_STRINGS_H
| # include <strings.h>
| #endif
| #if HAVE_INTTYPES_H
| # include <inttypes.h>
| #endif
| #if HAVE_STDINT_H
| # include <stdint.h>
| #endif
| #if HAVE_UNISTD_H
| # include <unistd.h>
| #endif
| #include <socks.h>
configure:3533: result: no
configure:3537: checking socks.h presence
configure:3552: gcc -E  conftest.c
conftest.c:24:19: socks.h: No such file or directory
configure:3558: $? = 1
configure: failed program was:
| /* confdefs.h.  */
| #define PACKAGE_NAME ""
| #define PACKAGE_TARNAME ""
| #define PACKAGE_VERSION ""
| #define PACKAGE_STRING ""
| #define PACKAGE_BUGREPORT ""
| #define STDC_HEADERS 1
| #define HAVE_SYS_TYPES_H 1
| #define HAVE_SYS_STAT_H 1
| #define HAVE_STDLIB_H 1
| #define HAVE_STRING_H 1
| #define HAVE_MEMORY_H 1
| #define HAVE_STRINGS_H 1
| #define HAVE_INTTYPES_H 1
| #define HAVE_STDINT_H 1
| #define HAVE_UNISTD_H 1
| #define HAVE_ARPA_INET_H 1
| #define HAVE_CTYPE_H 1
| #define HAVE_FCNTL_H 1
| #define HAVE_NETDB_H 1
| #define HAVE_NETINET_IN_H 1
| #define HAVE_PTHREAD_H 1
| /* end confdefs.h.  */
| #include <socks.h>
configure:3579: result: no
configure:3607: checking for socks.h
configure:3615: result: no
configure:3469: checking for stdlib.h
configure:3475: result: yes
configure:3469: checking for string.h
configure:3475: result: yes
configure:3469: checking for strings.h
configure:3475: result: yes
configure:3479: checking sys/ioctl.h usability
configure:3496: gcc -c -g -O2  conftest.c >&5
configure:3502: $? = 0
configure:3509: test -z "$ac_c_werror_flag" || test ! -s conftest.err
configure:3512: $? = 0
configure:3519: test -s conftest.o
configure:3522: $? = 0
configure:3533: result: yes
configure:3537: checking sys/ioctl.h presence
configure:3552: gcc -E  conftest.c
configure:3558: $? = 0
configure:3579: result: yes
configure:3607: checking for sys/ioctl.h
configure:3615: result: yes
configure:3479: checking sys/param.h usability
configure:3496: gcc -c -g -O2  conftest.c >&5
configure:3502: $? = 0
configure:3509: test -z "$ac_c_werror_flag" || test ! -s conftest.err
configure:3512: $? = 0
configure:3519: test -s conftest.o
configure:3522: $? = 0
configure:3533: result: yes
configure:3537: checking sys/param.h presence
configure:3552: gcc -E  conftest.c
configure:3558: $? = 0
configure:3579: result: yes
configure:3607: checking for sys/param.h
configure:3615: result: yes
configure:3479: checking sys/ptem.h usability
configure:3496: gcc -c -g -O2  conftest.c >&5
conftest.c:62:22: sys/ptem.h: No such file or directory
configure:3502: $? = 1
configure: failed program was:
| /* confdefs.h.  */
| #define PACKAGE_NAME ""
| #define PACKAGE_TARNAME ""
| #define PACKAGE_VERSION ""
| #define PACKAGE_STRING ""
| #define PACKAGE_BUGREPORT ""
| #define STDC_HEADERS 1
| #define HAVE_SYS_TYPES_H 1
| #define HAVE_SYS_STAT_H 1
| #define HAVE_STDLIB_H 1
| #define HAVE_STRING_H 1
| #define HAVE_MEMORY_H 1
| #define HAVE_STRINGS_H 1
| #define HAVE_INTTYPES_H 1
| #define HAVE_STDINT_H 1
| #define HAVE_UNISTD_H 1
| #define HAVE_ARPA_INET_H 1
| #define HAVE_CTYPE_H 1
| #define HAVE_FCNTL_H 1
| #define HAVE_NETDB_H 1
| #define HAVE_NETINET_IN_H 1
| #define HAVE_PTHREAD_H 1
| #define HAVE_STDLIB_H 1
| #define HAVE_STRING_H 1
| #define HAVE_STRINGS_H 1
| #define HAVE_SYS_IOCTL_H 1
| #define HAVE_SYS_PARAM_H 1
| /* end confdefs.h.  */
| #include <stdio.h>
| #if HAVE_SYS_TYPES_H
| # include <sys/types.h>
| #endif
| #if HAVE_SYS_STAT_H
| # include <sys/stat.h>
| #endif
| #if STDC_HEADERS
| # include <stdlib.h>
| # include <stddef.h>
| #else
| # if HAVE_STDLIB_H
| #  include <stdlib.h>
| # endif
| #endif
| #if HAVE_STRING_H
| # if !STDC_HEADERS && HAVE_MEMORY_H
| #  include <memory.h>
| # endif
| # include <string.h>
| #endif
| #if HAVE_STRINGS_H
| # include <strings.h>
| #endif
| #if HAVE_INTTYPES_H
| # include <inttypes.h>
| #endif
| #if HAVE_STDINT_H
| # include <stdint.h>
| #endif
| #if HAVE_UNISTD_H
| # include <unistd.h>
| #endif
| #include <sys/ptem.h>
configure:3533: result: no
configure:3537: checking sys/ptem.h presence
configure:3552: gcc -E  conftest.c
conftest.c:29:22: sys/ptem.h: No such file or directory
configure:3558: $? = 1
configure: failed program was:
| /* confdefs.h.  */
| #define PACKAGE_NAME ""
| #define PACKAGE_TARNAME ""
| #define PACKAGE_VERSION ""
| #define PACKAGE_STRING ""
| #define PACKAGE_BUGREPORT ""
| #define STDC_HEADERS 1
| #define HAVE_SYS_TYPES_H 1
| #define HAVE_SYS_STAT_H 1
| #define HAVE_STDLIB_H 1
| #define HAVE_STRING_H 1
| #define HAVE_MEMORY_H 1
| #define HAVE_STRINGS_H 1
| #define HAVE_INTTYPES_H 1
| #define HAVE_STDINT_H 1
| #define HAVE_UNISTD_H 1
| #define HAVE_ARPA_INET_H 1
| #define HAVE_CTYPE_H 1
| #define HAVE_FCNTL_H 1
| #define HAVE_NETDB_H 1
| #define HAVE_NETINET_IN_H 1
| #define HAVE_PTHREAD_H 1
| #define HAVE_STDLIB_H 1
| #define HAVE_STRING_H 1
| #define HAVE_STRINGS_H 1
| #define HAVE_SYS_IOCTL_H 1
| #define HAVE_SYS_PARAM_H 1
| /* end confdefs.h.  */
| #include <sys/ptem.h>
configure:3579: result: no
configure:3607: checking for sys/ptem.h
configure:3615: result: no
configure:3479: checking sys/socket.h usability
configure:3496: gcc -c -g -O2  conftest.c >&5
configure:3502: $? = 0
configure:3509: test -z "$ac_c_werror_flag" || test ! -s conftest.err
configure:3512: $? = 0
configure:3519: test -s conftest.o
configure:3522: $? = 0
configure:3533: result: yes
configure:3537: checking sys/socket.h presence
configure:3552: gcc -E  conftest.c
configure:3558: $? = 0
configure:3579: result: yes
configure:3607: checking for sys/socket.h
configure:3615: result: yes
configure:3479: checking sys/termio.h usability
configure:3496: gcc -c -g -O2  conftest.c >&5
configure:3502: $? = 0
configure:3509: test -z "$ac_c_werror_flag" || test ! -s conftest.err
configure:3512: $? = 0
configure:3519: test -s conftest.o
configure:3522: $? = 0
configure:3533: result: yes
configure:3537: checking sys/termio.h presence
configure:3552: gcc -E  conftest.c
configure:3558: $? = 0
configure:3579: result: yes
configure:3607: checking for sys/termio.h
configure:3615: result: yes
configure:3479: checking sys/time.h usability
configure:3496: gcc -c -g -O2  conftest.c >&5
configure:3502: $? = 0
configure:3509: test -z "$ac_c_werror_flag" || test ! -s conftest.err
configure:3512: $? = 0
configure:3519: test -s conftest.o
configure:3522: $? = 0
configure:3533: result: yes
configure:3537: checking sys/time.h presence
configure:3552: gcc -E  conftest.c
configure:3558: $? = 0
configure:3579: result: yes
configure:3607: checking for sys/time.h
configure:3615: result: yes
configure:3479: checking termcap.h usability
configure:3496: gcc -c -g -O2  conftest.c >&5
configure:3502: $? = 0
configure:3509: test -z "$ac_c_werror_flag" || test ! -s conftest.err
configure:3512: $? = 0
configure:3519: test -s conftest.o
configure:3522: $? = 0
configure:3533: result: yes
configure:3537: checking termcap.h presence
configure:3552: gcc -E  conftest.c
configure:3558: $? = 0
configure:3579: result: yes
configure:3607: checking for termcap.h
configure:3615: result: yes
configure:3479: checking time.h usability
configure:3496: gcc -c -g -O2  conftest.c >&5
configure:3502: $? = 0
configure:3509: test -z "$ac_c_werror_flag" || test ! -s conftest.err
configure:3512: $? = 0
configure:3519: test -s conftest.o
configure:3522: $? = 0
configure:3533: result: yes
configure:3537: checking time.h presence
configure:3552: gcc -E  conftest.c
configure:3558: $? = 0
configure:3579: result: yes
configure:3607: checking for time.h
configure:3615: result: yes
configure:3469: checking for unistd.h
configure:3475: result: yes
configure:3479: checking zlib.h usability
configure:3496: gcc -c -g -O2  conftest.c >&5
configure:3502: $? = 0
configure:3509: test -z "$ac_c_werror_flag" || test ! -s conftest.err
configure:3512: $? = 0
configure:3519: test -s conftest.o
configure:3522: $? = 0
configure:3533: result: yes
configure:3537: checking zlib.h presence
configure:3552: gcc -E  conftest.c
configure:3558: $? = 0
configure:3579: result: yes
configure:3607: checking for zlib.h
configure:3615: result: yes
configure:3630: checking for an ANSI C-conforming const
configure:3705: gcc -c -g -O2  conftest.c >&5
configure:3711: $? = 0
configure:3718: test -z "$ac_c_werror_flag" || test ! -s conftest.err
configure:3721: $? = 0
configure:3728: test -s conftest.o
configure:3731: $? = 0
configure:3743: result: yes
configure:3753: checking for stdbool.h that conforms to C99
configure:3846: gcc -c -g -O2  conftest.c >&5
configure:3852: $? = 0
configure:3859: test -z "$ac_c_werror_flag" || test ! -s conftest.err
configure:3862: $? = 0
configure:3869: test -s conftest.o
configure:3872: $? = 0
configure:3884: result: yes
configure:3886: checking for _Bool
configure:3916: gcc -c -g -O2  conftest.c >&5
configure:3922: $? = 0
configure:3929: test -z "$ac_c_werror_flag" || test ! -s conftest.err
configure:3932: $? = 0
configure:3939: test -s conftest.o
configure:3942: $? = 0
configure:3954: result: yes
configure:3973: checking for size_t
configure:4003: gcc -c -g -O2  conftest.c >&5
configure:4009: $? = 0
configure:4016: test -z "$ac_c_werror_flag" || test ! -s conftest.err
configure:4019: $? = 0
configure:4026: test -s conftest.o
configure:4029: $? = 0
configure:4041: result: yes
configure:4053: checking whether time.h and sys/time.h may both be included
configure:4083: gcc -c -g -O2  conftest.c >&5
configure:4089: $? = 0
configure:4096: test -z "$ac_c_werror_flag" || test ! -s conftest.err
configure:4099: $? = 0
configure:4106: test -s conftest.o
configure:4109: $? = 0
configure:4121: result: yes
configure:4131: checking whether struct tm is in sys/time.h or time.h
configure:4159: gcc -c -g -O2  conftest.c >&5
configure:4165: $? = 0
configure:4172: test -z "$ac_c_werror_flag" || test ! -s conftest.err
configure:4175: $? = 0
configure:4182: test -s conftest.o
configure:4185: $? = 0
configure:4197: result: time.h
configure:4211: checking for working memcmp
configure:4264: gcc -o conftest.exe -g -O2   conftest.c  >&5
configure:4267: $? = 0
configure:4273: ./conftest.exe
configure:4276: $? = 0
configure:4292: result: yes
configure:4306: checking for stdlib.h
configure:4312: result: yes
configure:4465: checking for GNU libc compatible realloc
configure:4499: gcc -o conftest.exe -g -O2   conftest.c  >&5
configure:4502: $? = 0
configure:4508: ./conftest.exe
configure:4511: $? = 0
configure:4527: result: yes
configure:4571: checking sys/select.h usability
configure:4588: gcc -c -g -O2  conftest.c >&5
configure:4594: $? = 0
configure:4601: test -z "$ac_c_werror_flag" || test ! -s conftest.err
configure:4604: $? = 0
configure:4611: test -s conftest.o
configure:4614: $? = 0
configure:4625: result: yes
configure:4629: checking sys/select.h presence
configure:4644: gcc -E  conftest.c
configure:4650: $? = 0
configure:4671: result: yes
configure:4699: checking for sys/select.h
configure:4707: result: yes
configure:4561: checking for sys/socket.h
configure:4567: result: yes
configure:4720: checking types of arguments for select
configure:4758: gcc -c -g -O2  conftest.c >&5
configure:4764: $? = 0
configure:4771: test -z "$ac_c_werror_flag" || test ! -s conftest.err
configure:4774: $? = 0
configure:4781: test -s conftest.o
configure:4784: $? = 0
configure:4802: result: int,fd_set *,struct timeval *
configure:4825: checking return type of signal handlers
configure:4853: gcc -c -g -O2  conftest.c >&5
conftest.c: In function `main':
conftest.c:52: error: void value not ignored as it ought to be
configure:4859: $? = 1
configure: failed program was:
| /* confdefs.h.  */
| #define PACKAGE_NAME ""
| #define PACKAGE_TARNAME ""
| #define PACKAGE_VERSION ""
| #define PACKAGE_STRING ""
| #define PACKAGE_BUGREPORT ""
| #define STDC_HEADERS 1
| #define HAVE_SYS_TYPES_H 1
| #define HAVE_SYS_STAT_H 1
| #define HAVE_STDLIB_H 1
| #define HAVE_STRING_H 1
| #define HAVE_MEMORY_H 1
| #define HAVE_STRINGS_H 1
| #define HAVE_INTTYPES_H 1
| #define HAVE_STDINT_H 1
| #define HAVE_UNISTD_H 1
| #define HAVE_ARPA_INET_H 1
| #define HAVE_CTYPE_H 1
| #define HAVE_FCNTL_H 1
| #define HAVE_NETDB_H 1
| #define HAVE_NETINET_IN_H 1
| #define HAVE_PTHREAD_H 1
| #define HAVE_STDLIB_H 1
| #define HAVE_STRING_H 1
| #define HAVE_STRINGS_H 1
| #define HAVE_SYS_IOCTL_H 1
| #define HAVE_SYS_PARAM_H 1
| #define HAVE_SYS_SOCKET_H 1
| #define HAVE_SYS_TERMIO_H 1
| #define HAVE_SYS_TIME_H 1
| #define HAVE_TERMCAP_H 1
| #define HAVE_TIME_H 1
| #define HAVE_UNISTD_H 1
| #define HAVE_ZLIB_H 1
| #define HAVE__BOOL 1
| #define HAVE_STDBOOL_H 1
| #define TIME_WITH_SYS_TIME 1
| #define HAVE_STDLIB_H 1
| #define HAVE_REALLOC 1
| #define HAVE_SYS_SELECT_H 1
| #define HAVE_SYS_SOCKET_H 1
| #define SELECT_TYPE_ARG1 int
| #define SELECT_TYPE_ARG234 (fd_set *)
| #define SELECT_TYPE_ARG5 (struct timeval *)
| /* end confdefs.h.  */
| #include <sys/types.h>
| #include <signal.h>
| 
| int
| main ()
| {
| return *(signal (0, 0)) (0) == 1;
|   ;
|   return 0;
| }
configure:4891: result: void
configure:4899: checking whether lstat dereferences a symlink specified with a trailing slash
configure:4935: gcc -o conftest.exe -g -O2   conftest.c  >&5
configure:4938: $? = 0
configure:4944: ./conftest.exe
configure:4947: $? = 0
configure:4970: result: yes
configure:4989: checking whether stat accepts an empty string
configure:5019: gcc -o conftest.exe -g -O2   conftest.c  >&5
configure:5022: $? = 0
configure:5028: ./conftest.exe
configure:5031: $? = 0
configure:5047: result: no
configure:5067: checking for strftime
configure:5123: gcc -o conftest.exe -g -O2   conftest.c  >&5
conftest.c:71: warning: conflicting types for built-in function 'strftime'
configure:5129: $? = 0
configure:5136: test -z "$ac_c_werror_flag" || test ! -s conftest.err
configure:5139: $? = 0
configure:5146: test -s conftest.exe
configure:5149: $? = 0
configure:5163: result: yes
configure:5260: checking whether utime accepts a null argument
configure:5296: gcc -o conftest.exe -g -O2   conftest.c  >&5
configure:5299: $? = 0
configure:5305: ./conftest.exe
configure:5308: $? = 0
configure:5324: result: yes
configure:5339: checking for vprintf
configure:5395: gcc -o conftest.exe -g -O2   conftest.c  >&5
conftest.c:73: warning: conflicting types for built-in function 'vprintf'
configure:5401: $? = 0
configure:5408: test -z "$ac_c_werror_flag" || test ! -s conftest.err
configure:5411: $? = 0
configure:5418: test -s conftest.exe
configure:5421: $? = 0
configure:5435: result: yes
configure:5442: checking for _doprnt
configure:5498: gcc -o conftest.exe -g -O2   conftest.c  >&5
/cygdrive/c/DOCUME~1/Scandum/LOCALS~1/Temp/ccKRHpQY.o: In function `main':
/home/Scandum/dev/tt/beta/conftest.c:85: undefined reference to `__doprnt'
collect2: ld returned 1 exit status
configure:5504: $? = 1
configure: failed program was:
| /* confdefs.h.  */
| #define PACKAGE_NAME ""
| #define PACKAGE_TARNAME ""
| #define PACKAGE_VERSION ""
| #define PACKAGE_STRING ""
| #define PACKAGE_BUGREPORT ""
| #define STDC_HEADERS 1
| #define HAVE_SYS_TYPES_H 1
| #define HAVE_SYS_STAT_H 1
| #define HAVE_STDLIB_H 1
| #define HAVE_STRING_H 1
| #define HAVE_MEMORY_H 1
| #define HAVE_STRINGS_H 1
| #define HAVE_INTTYPES_H 1
| #define HAVE_STDINT_H 1
| #define HAVE_UNISTD_H 1
| #define HAVE_ARPA_INET_H 1
| #define HAVE_CTYPE_H 1
| #define HAVE_FCNTL_H 1
| #define HAVE_NETDB_H 1
| #define HAVE_NETINET_IN_H 1
| #define HAVE_PTHREAD_H 1
| #define HAVE_STDLIB_H 1
| #define HAVE_STRING_H 1
| #define HAVE_STRINGS_H 1
| #define HAVE_SYS_IOCTL_H 1
| #define HAVE_SYS_PARAM_H 1
| #define HAVE_SYS_SOCKET_H 1
| #define HAVE_SYS_TERMIO_H 1
| #define HAVE_SYS_TIME_H 1
| #define HAVE_TERMCAP_H 1
| #define HAVE_TIME_H 1
| #define HAVE_UNISTD_H 1
| #define HAVE_ZLIB_H 1
| #define HAVE__BOOL 1
| #define HAVE_STDBOOL_H 1
| #define TIME_WITH_SYS_TIME 1
| #define HAVE_STDLIB_H 1
| #define HAVE_REALLOC 1
| #define HAVE_SYS_SELECT_H 1
| #define HAVE_SYS_SOCKET_H 1
| #define SELECT_TYPE_ARG1 int
| #define SELECT_TYPE_ARG234 (fd_set *)
| #define SELECT_TYPE_ARG5 (struct timeval *)
| #define RETSIGTYPE void
| #define LSTAT_FOLLOWS_SLASHED_SYMLINK 1
| #define HAVE_STRFTIME 1
| #define HAVE_UTIME_NULL 1
| #define HAVE_VPRINTF 1
| /* end confdefs.h.  */
| /* Define _doprnt to an innocuous variant, in case <limits.h> declares _doprnt.
|    For example, HP-UX 11i <limits.h> declares gettimeofday.  */
| #define _doprnt innocuous__doprnt
| 
| /* System header to define __stub macros and hopefully few prototypes,
|     which can conflict with char _doprnt (); below.
|     Prefer <limits.h> to <assert.h> if __STDC__ is defined, since
|     <limits.h> exists even on freestanding compilers.  */
| 
| #ifdef __STDC__
| # include <limits.h>
| #else
| # include <assert.h>
| #endif
| 
| #undef _doprnt
| 
| /* Override any GCC internal prototype to avoid an error.
|    Use char because int might match the return type of a GCC
|    builtin and then its argument prototype would still apply.  */
| #ifdef __cplusplus
| extern "C"
| #endif
| char _doprnt ();
| /* The GNU C library defines this for functions which it implements
|     to always fail with ENOSYS.  Some functions are actually named
|     something starting with __ and the normal name is an alias.  */
| #if defined __stub__doprnt || defined __stub____doprnt
| choke me
| #endif
| 
| int
| main ()
| {
| return _doprnt ();
|   ;
|   return 0;
| }
configure:5537: result: no
configure:5570: checking for gethostbyname
configure:5626: gcc -o conftest.exe -g -O2   conftest.c  >&5
configure:5632: $? = 0
configure:5639: test -z "$ac_c_werror_flag" || test ! -s conftest.err
configure:5642: $? = 0
configure:5649: test -s conftest.exe
configure:5652: $? = 0
configure:5666: result: yes
configure:5570: checking for gethostname
configure:5626: gcc -o conftest.exe -g -O2   conftest.c  >&5
configure:5632: $? = 0
configure:5639: test -z "$ac_c_werror_flag" || test ! -s conftest.err
configure:5642: $? = 0
configure:5649: test -s conftest.exe
configure:5652: $? = 0
configure:5666: result: yes
configure:5570: checking for gettimeofday
configure:5626: gcc -o conftest.exe -g -O2   conftest.c  >&5
configure:5632: $? = 0
configure:5639: test -z "$ac_c_werror_flag" || test ! -s conftest.err
configure:5642: $? = 0
configure:5649: test -s conftest.exe
configure:5652: $? = 0
configure:5666: result: yes
configure:5570: checking for inet_ntoa
configure:5626: gcc -o conftest.exe -g -O2   conftest.c  >&5
configure:5632: $? = 0
configure:5639: test -z "$ac_c_werror_flag" || test ! -s conftest.err
configure:5642: $? = 0
configure:5649: test -s conftest.exe
configure:5652: $? = 0
configure:5666: result: yes
configure:5570: checking for memset
configure:5626: gcc -o conftest.exe -g -O2   conftest.c  >&5
conftest.c:78: warning: conflicting types for built-in function 'memset'
configure:5632: $? = 0
configure:5639: test -z "$ac_c_werror_flag" || test ! -s conftest.err
configure:5642: $? = 0
configure:5649: test -s conftest.exe
configure:5652: $? = 0
configure:5666: result: yes
configure:5570: checking for select
configure:5626: gcc -o conftest.exe -g -O2   conftest.c  >&5
configure:5632: $? = 0
configure:5639: test -z "$ac_c_werror_flag" || test ! -s conftest.err
configure:5642: $? = 0
configure:5649: test -s conftest.exe
configure:5652: $? = 0
configure:5666: result: yes
configure:5570: checking for socket
configure:5626: gcc -o conftest.exe -g -O2   conftest.c  >&5
configure:5632: $? = 0
configure:5639: test -z "$ac_c_werror_flag" || test ! -s conftest.err
configure:5642: $? = 0
configure:5649: test -s conftest.exe
configure:5652: $? = 0
configure:5666: result: yes
configure:5570: checking for strcasecmp
configure:5626: gcc -o conftest.exe -g -O2   conftest.c  >&5
configure:5632: $? = 0
configure:5639: test -z "$ac_c_werror_flag" || test ! -s conftest.err
configure:5642: $? = 0
configure:5649: test -s conftest.exe
configure:5652: $? = 0
configure:5666: result: yes
configure:5570: checking for strchr
configure:5626: gcc -o conftest.exe -g -O2   conftest.c  >&5
conftest.c:82: warning: conflicting types for built-in function 'strchr'
configure:5632: $? = 0
configure:5639: test -z "$ac_c_werror_flag" || test ! -s conftest.err
configure:5642: $? = 0
configure:5649: test -s conftest.exe
configure:5652: $? = 0
configure:5666: result: yes
configure:5570: checking for strdup
configure:5626: gcc -o conftest.exe -g -O2   conftest.c  >&5
conftest.c:83: warning: conflicting types for built-in function 'strdup'
configure:5632: $? = 0
configure:5639: test -z "$ac_c_werror_flag" || test ! -s conftest.err
configure:5642: $? = 0
configure:5649: test -s conftest.exe
configure:5652: $? = 0
configure:5666: result: yes
configure:5570: checking for strerror
configure:5626: gcc -o conftest.exe -g -O2   conftest.c  >&5
configure:5632: $? = 0
configure:5639: test -z "$ac_c_werror_flag" || test ! -s conftest.err
configure:5642: $? = 0
configure:5649: test -s conftest.exe
configure:5652: $? = 0
configure:5666: result: yes
configure:5570: checking for strftime
configure:5666: result: yes
configure:5570: checking for strncasecmp
configure:5626: gcc -o conftest.exe -g -O2   conftest.c  >&5
configure:5632: $? = 0
configure:5639: test -z "$ac_c_werror_flag" || test ! -s conftest.err
configure:5642: $? = 0
configure:5649: test -s conftest.exe
configure:5652: $? = 0
configure:5666: result: yes
configure:5570: checking for strstr
configure:5626: gcc -o conftest.exe -g -O2   conftest.c  >&5
conftest.c:87: warning: conflicting types for built-in function 'strstr'
configure:5632: $? = 0
configure:5639: test -z "$ac_c_werror_flag" || test ! -s conftest.err
configure:5642: $? = 0
configure:5649: test -s conftest.exe
configure:5652: $? = 0
configure:5666: result: yes
configure:5570: checking for utime
configure:5626: gcc -o conftest.exe -g -O2   conftest.c  >&5
configure:5632: $? = 0
configure:5639: test -z "$ac_c_werror_flag" || test ! -s conftest.err
configure:5642: $? = 0
configure:5649: test -s conftest.exe
configure:5652: $? = 0
configure:5666: result: yes
configure:5570: checking for getaddrinfo
configure:5626: gcc -o conftest.exe -g -O2   conftest.c  >&5
/cygdrive/c/DOCUME~1/Scandum/LOCALS~1/Temp/ccmtfzi1.o: In function `main':
/home/Scandum/dev/tt/beta/conftest.c:100: undefined reference to `_getaddrinfo'
collect2: ld returned 1 exit status
configure:5632: $? = 1
configure: failed program was:
| /* confdefs.h.  */
| #define PACKAGE_NAME ""
| #define PACKAGE_TARNAME ""
| #define PACKAGE_VERSION ""
| #define PACKAGE_STRING ""
| #define PACKAGE_BUGREPORT ""
| #define STDC_HEADERS 1
| #define HAVE_SYS_TYPES_H 1
| #define HAVE_SYS_STAT_H 1
| #define HAVE_STDLIB_H 1
| #define HAVE_STRING_H 1
| #define HAVE_MEMORY_H 1
| #define HAVE_STRINGS_H 1
| #define HAVE_INTTYPES_H 1
| #define HAVE_STDINT_H 1
| #define HAVE_UNISTD_H 1
| #define HAVE_ARPA_INET_H 1
| #define HAVE_CTYPE_H 1
| #define HAVE_FCNTL_H 1
| #define HAVE_NETDB_H 1
| #define HAVE_NETINET_IN_H 1
| #define HAVE_PTHREAD_H 1
| #define HAVE_STDLIB_H 1
| #define HAVE_STRING_H 1
| #define HAVE_STRINGS_H 1
| #define HAVE_SYS_IOCTL_H 1
| #define HAVE_SYS_PARAM_H 1
| #define HAVE_SYS_SOCKET_H 1
| #define HAVE_SYS_TERMIO_H 1
| #define HAVE_SYS_TIME_H 1
| #define HAVE_TERMCAP_H 1
| #define HAVE_TIME_H 1
| #define HAVE_UNISTD_H 1
| #define HAVE_ZLIB_H 1
| #define HAVE__BOOL 1
| #define HAVE_STDBOOL_H 1
| #define TIME_WITH_SYS_TIME 1
| #define HAVE_STDLIB_H 1
| #define HAVE_REALLOC 1
| #define HAVE_SYS_SELECT_H 1
| #define HAVE_SYS_SOCKET_H 1
| #define SELECT_TYPE_ARG1 int
| #define SELECT_TYPE_ARG234 (fd_set *)
| #define SELECT_TYPE_ARG5 (struct timeval *)
| #define RETSIGTYPE void
| #define LSTAT_FOLLOWS_SLASHED_SYMLINK 1
| #define HAVE_STRFTIME 1
| #define HAVE_UTIME_NULL 1
| #define HAVE_VPRINTF 1
| #define HAVE_GETHOSTBYNAME 1
| #define HAVE_GETHOSTNAME 1
| #define HAVE_GETTIMEOFDAY 1
| #define HAVE_INET_NTOA 1
| #define HAVE_MEMSET 1
| #define HAVE_SELECT 1
| #define HAVE_SOCKET 1
| #define HAVE_STRCASECMP 1
| #define HAVE_STRCHR 1
| #define HAVE_STRDUP 1
| #define HAVE_STRERROR 1
| #define HAVE_STRFTIME 1
| #define HAVE_STRNCASECMP 1
| #define HAVE_STRSTR 1
| #define HAVE_UTIME 1
| /* end confdefs.h.  */
| /* Define getaddrinfo to an innocuous variant, in case <limits.h> declares getaddrinfo.
|    For example, HP-UX 11i <limits.h> declares gettimeofday.  */
| #define getaddrinfo innocuous_getaddrinfo
| 
| /* System header to define __stub macros and hopefully few prototypes,
|     which can conflict with char getaddrinfo (); below.
|     Prefer <limits.h> to <assert.h> if __STDC__ is defined, since
|     <limits.h> exists even on freestanding compilers.  */
| 
| #ifdef __STDC__
| # include <limits.h>
| #else
| # include <assert.h>
| #endif
| 
| #undef getaddrinfo
| 
| /* Override any GCC internal prototype to avoid an error.
|    Use char because int might match the return type of a GCC
|    builtin and then its argument prototype would still apply.  */
| #ifdef __cplusplus
| extern "C"
| #endif
| char getaddrinfo ();
| /* The GNU C library defines this for functions which it implements
|     to always fail with ENOSYS.  Some functions are actually named
|     something starting with __ and the normal name is an alias.  */
| #if defined __stub_getaddrinfo || defined __stub___getaddrinfo
| choke me
| #endif
| 
| int
| main ()
| {
| return getaddrinfo ();
|   ;
|   return 0;
| }
configure:5666: result: no
configure:5680: checking for tgetent in -ltermcap
configure:5715: gcc -o conftest.exe -g -O2   conftest.c -ltermcap   >&5
configure:5721: $? = 0
configure:5728: test -z "$ac_c_werror_flag" || test ! -s conftest.err
configure:5731: $? = 0
configure:5738: test -s conftest.exe
configure:5741: $? = 0
configure:5755: result: yes
configure:5767: checking for inflate in -lz
configure:5802: gcc -o conftest.exe -g -O2   conftest.c -lz  -ltermcap  >&5
configure:5808: $? = 0
configure:5815: test -z "$ac_c_werror_flag" || test ! -s conftest.err
configure:5818: $? = 0
configure:5825: test -s conftest.exe
configure:5828: $? = 0
configure:5842: result: yes
configure:5854: checking for pthread_create in -lpthread
configure:5889: gcc -o conftest.exe -g -O2   conftest.c -lpthread  -lz -ltermcap  >&5
configure:5895: $? = 0
configure:5902: test -z "$ac_c_werror_flag" || test ! -s conftest.err
configure:5905: $? = 0
configure:5912: test -s conftest.exe
configure:5915: $? = 0
configure:5929: result: yes
configure:5941: checking for gethostbyname in -lnsl
configure:5976: gcc -o conftest.exe -g -O2   conftest.c -lnsl  -lpthread -lz -ltermcap  >&5
/usr/lib/gcc/i686-pc-cygwin/3.4.4/../../../../i686-pc-cygwin/bin/ld: cannot find -lnsl
collect2: ld returned 1 exit status
configure:5982: $? = 1
configure: failed program was:
| /* confdefs.h.  */
| #define PACKAGE_NAME ""
| #define PACKAGE_TARNAME ""
| #define PACKAGE_VERSION ""
| #define PACKAGE_STRING ""
| #define PACKAGE_BUGREPORT ""
| #define STDC_HEADERS 1
| #define HAVE_SYS_TYPES_H 1
| #define HAVE_SYS_STAT_H 1
| #define HAVE_STDLIB_H 1
| #define HAVE_STRING_H 1
| #define HAVE_MEMORY_H 1
| #define HAVE_STRINGS_H 1
| #define HAVE_INTTYPES_H 1
| #define HAVE_STDINT_H 1
| #define HAVE_UNISTD_H 1
| #define HAVE_ARPA_INET_H 1
| #define HAVE_CTYPE_H 1
| #define HAVE_FCNTL_H 1
| #define HAVE_NETDB_H 1
| #define HAVE_NETINET_IN_H 1
| #define HAVE_PTHREAD_H 1
| #define HAVE_STDLIB_H 1
| #define HAVE_STRING_H 1
| #define HAVE_STRINGS_H 1
| #define HAVE_SYS_IOCTL_H 1
| #define HAVE_SYS_PARAM_H 1
| #define HAVE_SYS_SOCKET_H 1
| #define HAVE_SYS_TERMIO_H 1
| #define HAVE_SYS_TIME_H 1
| #define HAVE_TERMCAP_H 1
| #define HAVE_TIME_H 1
| #define HAVE_UNISTD_H 1
| #define HAVE_ZLIB_H 1
| #define HAVE__BOOL 1
| #define HAVE_STDBOOL_H 1
| #define TIME_WITH_SYS_TIME 1
| #define HAVE_STDLIB_H 1
| #define HAVE_REALLOC 1
| #define HAVE_SYS_SELECT_H 1
| #define HAVE_SYS_SOCKET_H 1
| #define SELECT_TYPE_ARG1 int
| #define SELECT_TYPE_ARG234 (fd_set *)
| #define SELECT_TYPE_ARG5 (struct timeval *)
| #define RETSIGTYPE void
| #define LSTAT_FOLLOWS_SLASHED_SYMLINK 1
| #define HAVE_STRFTIME 1
| #define HAVE_UTIME_NULL 1
| #define HAVE_VPRINTF 1
| #define HAVE_GETHOSTBYNAME 1
| #define HAVE_GETHOSTNAME 1
| #define HAVE_GETTIMEOFDAY 1
| #define HAVE_INET_NTOA 1
| #define HAVE_MEMSET 1
| #define HAVE_SELECT 1
| #define HAVE_SOCKET 1
| #define HAVE_STRCASECMP 1
| #define HAVE_STRCHR 1
| #define HAVE_STRDUP 1
| #define HAVE_STRERROR 1
| #define HAVE_STRFTIME 1
| #define HAVE_STRNCASECMP 1
| #define HAVE_STRSTR 1
| #define HAVE_UTIME 1
| #define HAVE_LIBTERMCAP 1
| #define HAVE_LIBZ 1
| #define HAVE_LIBPTHREAD 1
| /* end confdefs.h.  */
| 
| /* Override any GCC internal prototype to avoid an error.
|    Use char because int might match the return type of a GCC
|    builtin and then its argument prototype would still apply.  */
| #ifdef __cplusplus
| extern "C"
| #endif
| char gethostbyname ();
| int
| main ()
| {
| return gethostbyname ();
|   ;
|   return 0;
| }
configure:6016: result: no
configure:6032: checking for gmake
configure:6062: result: no
configure:6032: checking for make
configure:6048: found /usr/bin/make
configure:6059: result: make
configure:6073: checking for library containing getmntent
configure:6114: gcc -o conftest.exe -g -O2   conftest.c -lpthread -lz -ltermcap  >&5
configure:6120: $? = 0
configure:6127: test -z "$ac_c_werror_flag" || test ! -s conftest.err
configure:6130: $? = 0
configure:6137: test -s conftest.exe
configure:6140: $? = 0
configure:6164: result: none required
configure:6176: checking for getmntent
configure:6232: gcc -o conftest.exe -g -O2   conftest.c -lpthread -lz -ltermcap  >&5
configure:6238: $? = 0
configure:6245: test -z "$ac_c_werror_flag" || test ! -s conftest.err
configure:6248: $? = 0
configure:6255: test -s conftest.exe
configure:6258: $? = 0
configure:6272: result: yes
configure:6291: checking for dirent.h that defines DIR
configure:6320: gcc -c -g -O2  conftest.c >&5
configure:6326: $? = 0
configure:6333: test -z "$ac_c_werror_flag" || test ! -s conftest.err
configure:6336: $? = 0
configure:6343: test -s conftest.o
configure:6346: $? = 0
configure:6359: result: yes
configure:6372: checking for library containing opendir
configure:6413: gcc -o conftest.exe -g -O2   conftest.c -lpthread -lz -ltermcap  >&5
configure:6419: $? = 0
configure:6426: test -z "$ac_c_werror_flag" || test ! -s conftest.err
configure:6429: $? = 0
configure:6436: test -s conftest.exe
configure:6439: $? = 0
configure:6463: result: none required
configure:6676: creating ./config.status

## ---------------------- ##
## Running config.status. ##
## ---------------------- ##

This file was extended by config.status, which was
generated by GNU Autoconf 2.60.  Invocation command line was

  CONFIG_FILES    = 
  CONFIG_HEADERS  = 
  CONFIG_LINKS    = 
  CONFIG_COMMANDS = 
  $ ./config.status 

on firelight

config.status:585: creating Makefile
config.status:585: creating config.h
config.status:859: config.h is unchanged

## ---------------- ##
## Cache variables. ##
## ---------------- ##

ac_cv_c_compiler_gnu=yes
ac_cv_c_const=yes
ac_cv_env_CC_set=
ac_cv_env_CC_value=
ac_cv_env_CFLAGS_set=
ac_cv_env_CFLAGS_value=
ac_cv_env_CPPFLAGS_set=
ac_cv_env_CPPFLAGS_value=
ac_cv_env_CPP_set=
ac_cv_env_CPP_value=
ac_cv_env_LDFLAGS_set=
ac_cv_env_LDFLAGS_value=
ac_cv_env_build_alias_set=
ac_cv_env_build_alias_value=
ac_cv_env_host_alias_set=
ac_cv_env_host_alias_value=
ac_cv_env_target_alias_set=
ac_cv_env_target_alias_value=
ac_cv_exeext=.exe
ac_cv_func__doprnt=no
ac_cv_func_getaddrinfo=no
ac_cv_func_gethostbyname=yes
ac_cv_func_gethostname=yes
ac_cv_func_getmntent=yes
ac_cv_func_gettimeofday=yes
ac_cv_func_inet_ntoa=yes
ac_cv_func_lstat_dereferences_slashed_symlink=yes
ac_cv_func_memcmp_working=yes
ac_cv_func_memset=yes
ac_cv_func_realloc_0_nonnull=yes
ac_cv_func_select=yes
ac_cv_func_select_args='int,fd_set *,struct timeval *'
ac_cv_func_socket=yes
ac_cv_func_stat_empty_string_bug=no
ac_cv_func_strcasecmp=yes
ac_cv_func_strchr=yes
ac_cv_func_strdup=yes
ac_cv_func_strerror=yes
ac_cv_func_strftime=yes
ac_cv_func_strncasecmp=yes
ac_cv_func_strstr=yes
ac_cv_func_utime=yes
ac_cv_func_utime_null=yes
ac_cv_func_vprintf=yes
ac_cv_header_arpa_inet_h=yes
ac_cv_header_ctype_h=yes
ac_cv_header_dirent_dirent_h=yes
ac_cv_header_fcntl_h=yes
ac_cv_header_inttypes_h=yes
ac_cv_header_memory_h=yes
ac_cv_header_net_errno_h=no
ac_cv_header_netdb_h=yes
ac_cv_header_netinet_in_h=yes
ac_cv_header_param_h=no
ac_cv_header_pthread_h=yes
ac_cv_header_socks_h=no
ac_cv_header_stdbool_h=yes
ac_cv_header_stdc=yes
ac_cv_header_stdint_h=yes
ac_cv_header_stdlib_h=yes
ac_cv_header_string_h=yes
ac_cv_header_strings_h=yes
ac_cv_header_sys_ioctl_h=yes
ac_cv_header_sys_param_h=yes
ac_cv_header_sys_ptem_h=no
ac_cv_header_sys_select_h=yes
ac_cv_header_sys_socket_h=yes
ac_cv_header_sys_stat_h=yes
ac_cv_header_sys_termio_h=yes
ac_cv_header_sys_time_h=yes
ac_cv_header_sys_types_h=yes
ac_cv_header_termcap_h=yes
ac_cv_header_time=yes
ac_cv_header_time_h=yes
ac_cv_header_unistd_h=yes
ac_cv_header_zlib_h=yes
ac_cv_lib_nsl_gethostbyname=no
ac_cv_lib_pthread_pthread_create=yes
ac_cv_lib_termcap_tgetent=yes
ac_cv_lib_z_inflate=yes
ac_cv_objext=o
ac_cv_path_EGREP='/usr/bin/grep -E'
ac_cv_path_GREP=/usr/bin/grep
ac_cv_prog_CPP='gcc -E'
ac_cv_prog_MAKE=make
ac_cv_prog_ac_ct_CC=gcc
ac_cv_prog_cc_c89=
ac_cv_prog_cc_g=yes
ac_cv_prog_make_make_set=yes
ac_cv_search_getmntent='none required'
ac_cv_search_opendir='none required'
ac_cv_struct_tm=time.h
ac_cv_type__Bool=yes
ac_cv_type_signal=void
ac_cv_type_size_t=yes

## ----------------- ##
## Output variables. ##
## ----------------- ##

BIG5=''
CC='gcc'
CFLAGS='-g -O2'
CPP='gcc -E'
CPPFLAGS=''
DEFS='-DHAVE_CONFIG_H'
ECHO_C=''
ECHO_N='-n'
ECHO_T=''
EGREP='/usr/bin/grep -E'
EXEEXT='.exe'
GREP='/usr/bin/grep'
IPv6=''
LDFLAGS=''
LIBOBJS=''
LIBS='-lpthread -lz -ltermcap '
LTLIBOBJS=''
MAKE='make'
MYINCLUDE=''
MYLIB=''
OBJEXT='o'
PACKAGE_BUGREPORT=''
PACKAGE_NAME=''
PACKAGE_STRING=''
PACKAGE_TARNAME=''
PACKAGE_VERSION=''
PATH_SEPARATOR=':'
SET_MAKE=''
SHELL='/bin/sh'
ac_ct_CC='gcc'
bindir='${exec_prefix}/bin'
build_alias=''
datadir='${datarootdir}'
datarootdir='${prefix}/share'
docdir='${datarootdir}/doc/${PACKAGE}'
dvidir='${docdir}'
exec_prefix='${prefix}'
host_alias=''
htmldir='${docdir}'
includedir='${prefix}/include'
infodir='${datarootdir}/info'
libdir='${exec_prefix}/lib'
libexecdir='${exec_prefix}/libexec'
localedir='${datarootdir}/locale'
localstatedir='${prefix}/var'
mandir='${datarootdir}/man'
mybindir='.'
oldincludedir='/usr/include'
pdfdir='${docdir}'
prefix='/usr/local'
program_transform_name='s,x,x,'
psdir='${docdir}'
sbindir='${exec_prefix}/sbin'
sharedstatedir='${prefix}/com'
sysconfdir='${prefix}/etc'
target_alias=''

## ----------- ##
## confdefs.h. ##
## ----------- ##

#define PACKAGE_NAME ""
#define PACKAGE_TARNAME ""
#define PACKAGE_VERSION ""
#define PACKAGE_STRING ""
#define PACKAGE_BUGREPORT ""
#define STDC_HEADERS 1
#define HAVE_SYS_TYPES_H 1
#define HAVE_SYS_STAT_H 1
#define HAVE_STDLIB_H 1
#define HAVE_STRING_H 1
#define HAVE_MEMORY_H 1
#define HAVE_STRINGS_H 1
#define HAVE_INTTYPES_H 1
#define HAVE_STDINT_H 1
#define HAVE_UNISTD_H 1
#define HAVE_ARPA_INET_H 1
#define HAVE_CTYPE_H 1
#define HAVE_FCNTL_H 1
#define HAVE_NETDB_H 1
#define HAVE_NETINET_IN_H 1
#define HAVE_PTHREAD_H 1
#define HAVE_STDLIB_H 1
#define HAVE_STRING_H 1
#define HAVE_STRINGS_H 1
#define HAVE_SYS_IOCTL_H 1
#define HAVE_SYS_PARAM_H 1
#define HAVE_SYS_SOCKET_H 1
#define HAVE_SYS_TERMIO_H 1
#define HAVE_SYS_TIME_H 1
#define HAVE_TERMCAP_H 1
#define HAVE_TIME_H 1
#define HAVE_UNISTD_H 1
#define HAVE_ZLIB_H 1
#define HAVE__BOOL 1
#define HAVE_STDBOOL_H 1
#define TIME_WITH_SYS_TIME 1
#define HAVE_STDLIB_H 1
#define HAVE_REALLOC 1
#define HAVE_SYS_SELECT_H 1
#define HAVE_SYS_SOCKET_H 1
#define SELECT_TYPE_ARG1 int
#define SELECT_TYPE_ARG234 (fd_set *)
#define SELECT_TYPE_ARG5 (struct timeval *)
#define RETSIGTYPE void
#define LSTAT_FOLLOWS_SLASHED_SYMLINK 1
#define HAVE_STRFTIME 1
#define HAVE_UTIME_NULL 1
#define HAVE_VPRINTF 1
#define HAVE_GETHOSTBYNAME 1
#define HAVE_GETHOSTNAME 1
#define HAVE_GETTIMEOFDAY 1
#define HAVE_INET_NTOA 1
#define HAVE_MEMSET 1
#define HAVE_SELECT 1
#define HAVE_SOCKET 1
#define HAVE_STRCASECMP 1
#define HAVE_STRCHR 1
#define HAVE_STRDUP 1
#define HAVE_STRERROR 1
#define HAVE_STRFTIME 1
#define HAVE_STRNCASECMP 1
#define HAVE_STRSTR 1
#define HAVE_UTIME 1
#define HAVE_LIBTERMCAP 1
#define HAVE_LIBZ 1
#define HAVE_LIBPTHREAD 1
#define HAVE_GETMNTENT 1
#define HAVE_DIRENT_H 1

configure: exit 0
